<?xml version="1.0" encoding="UTF-8"?>
<coverage generated="1774339620046" clover="3.2.0">
  <project timestamp="1774339620046" name="All files">
    <metrics statements="62" coveredstatements="59" conditionals="27" coveredconditionals="24" methods="10" coveredmethods="10" elements="99" coveredelements="93" complexity="0" loc="62" ncloc="62" packages="3" files="3" classes="3"/>
    <package name="src">
      <metrics statements="19" coveredstatements="19" conditionals="4" coveredconditionals="3" methods="4" coveredmethods="4"/>
      <file name="app.ts" path="/Users/claudiomasolo/Work/upskilling/AINE/todo-app/backend/src/app.ts">
        <metrics statements="19" coveredstatements="19" conditionals="4" coveredconditionals="3" methods="4" coveredmethods="4"/>
        <line num="11" count="22" type="stmt"/>
        <line num="18" count="22" type="stmt"/>
        <line num="25" count="22" type="stmt"/>
        <line num="26" count="22" type="stmt"/>
        <line num="29" count="22" type="cond" truecount="2" falsecount="0"/>
        <line num="30" count="3" type="stmt"/>
        <line num="31" count="3" type="stmt"/>
        <line num="32" count="3" type="stmt"/>
        <line num="42" count="22" type="stmt"/>
        <line num="44" count="22" type="stmt"/>
        <line num="47" count="22" type="stmt"/>
        <line num="50" count="22" type="stmt"/>
        <line num="55" count="22" type="stmt"/>
        <line num="56" count="2" type="stmt"/>
        <line num="57" count="2" type="stmt"/>
        <line num="66" count="22" type="stmt"/>
        <line num="67" count="4" type="stmt"/>
        <line num="71" count="22" type="stmt"/>
        <line num="73" count="22" type="stmt"/>
      </file>
    </package>
    <package name="src.db">
      <metrics statements="7" coveredstatements="4" conditionals="4" coveredconditionals="2" methods="0" coveredmethods="0"/>
      <file name="client.ts" path="/Users/claudiomasolo/Work/upskilling/AINE/todo-app/backend/src/db/client.ts">
        <metrics statements="7" coveredstatements="4" conditionals="4" coveredconditionals="2" methods="0" coveredmethods="0"/>
        <line num="5" count="3" type="stmt"/>
        <line num="6" count="3" type="cond" truecount="1" falsecount="1"/>
        <line num="7" count="0" type="stmt"/>
        <line num="11" count="3" type="cond" truecount="1" falsecount="1"/>
        <line num="12" count="0" type="stmt"/>
        <line num="13" count="0" type="stmt"/>
        <line num="16" count="3" type="stmt"/>
      </file>
    </package>
    <package name="src.routes">
      <metrics statements="36" coveredstatements="36" conditionals="19" coveredconditionals="19" methods="6" coveredmethods="6"/>
      <file name="todos.ts" path="/Users/claudiomasolo/Work/upskilling/AINE/todo-app/backend/src/routes/todos.ts">
        <metrics statements="36" coveredstatements="36" conditionals="19" coveredconditionals="19" methods="6" coveredmethods="6"/>
        <line num="8" count="22" type="stmt"/>
        <line num="11" count="22" type="stmt"/>
        <line num="14" count="22" type="stmt"/>
        <line num="17" count="22" type="stmt"/>
        <line num="18" count="22" type="stmt"/>
        <line num="21" count="22" type="stmt"/>
        <line num="22" count="4" type="stmt"/>
        <line num="23" count="4" type="stmt"/>
        <line num="27" count="22" type="stmt"/>
        <line num="28" count="11" type="stmt"/>
        <line num="30" count="11" type="cond" truecount="4" falsecount="0"/>
        <line num="31" count="1" type="stmt"/>
        <line num="36" count="10" type="stmt"/>
        <line num="38" count="10" type="cond" truecount="4" falsecount="0"/>
        <line num="39" count="2" type="stmt"/>
        <line num="44" count="8" type="stmt"/>
        <line num="45" count="8" type="stmt"/>
        <line num="47" count="8" type="stmt"/>
        <line num="49" count="8" type="stmt"/>
        <line num="53" count="22" type="stmt"/>
        <line num="54" count="7" type="stmt"/>
        <line num="55" count="7" type="stmt"/>
        <line num="57" count="7" type="cond" truecount="5" falsecount="0"/>
        <line num="58" count="2" type="stmt"/>
        <line num="63" count="5" type="stmt"/>
        <line num="65" count="5" type="cond" truecount="2" falsecount="0"/>
        <line num="66" count="1" type="stmt"/>
        <line num="71" count="4" type="cond" truecount="2" falsecount="0"/>
        <line num="73" count="7" type="stmt"/>
        <line num="82" count="22" type="stmt"/>
        <line num="83" count="2" type="stmt"/>
        <line num="85" count="2" type="stmt"/>
        <line num="87" count="2" type="cond" truecount="2" falsecount="0"/>
        <line num="88" count="1" type="stmt"/>
        <line num="93" count="1" type="stmt"/>
        <line num="95" count="1" type="stmt"/>
      </file>
    </package>
  </project>
</coverage>
