{"/Users/claudiomasolo/Work/upskilling/AINE/todo-app/backend/src/app.ts": {"path":"/Users/claudiomasolo/Work/upskilling/AINE/todo-app/backend/src/app.ts","statementMap":{"0":{"start":{"line":11,"column":2},"end":{"line":16,"column":null}},"1":{"start":{"line":18,"column":21},"end":{"line":22,"column":null}},"2":{"start":{"line":25,"column":2},"end":{"line":35,"column":null}},"3":{"start":{"line":26,"column":20},"end":{"line":28,"column":26}},"4":{"start":{"line":29,"column":4},"end":{"line":35,"column":null}},"5":{"start":{"line":30,"column":18},"end":{"line":30,"column":58}},"6":{"start":{"line":31,"column":6},"end":{"line":31,"column":null}},"7":{"start":{"line":32,"column":6},"end":{"line":35,"column":null}},"8":{"start":{"line":42,"column":2},"end":{"line":42,"column":null}},"9":{"start":{"line":44,"column":8},"end":{"line":44,"column":39}},"10":{"start":{"line":47,"column":2},"end":{"line":47,"column":null}},"11":{"start":{"line":50,"column":2},"end":{"line":52,"column":null}},"12":{"start":{"line":55,"column":2},"end":{"line":63,"column":null}},"13":{"start":{"line":56,"column":4},"end":{"line":56,"column":null}},"14":{"start":{"line":57,"column":4},"end":{"line":62,"column":null}},"15":{"start":{"line":66,"column":2},"end":{"line":68,"column":null}},"16":{"start":{"line":67,"column":4},"end":{"line":67,"column":null}},"17":{"start":{"line":71,"column":2},"end":{"line":71,"column":null}},"18":{"start":{"line":73,"column":2},"end":{"line":73,"column":null}}},"fnMap":{"0":{"name":"runMigrations","decl":{"start":{"line":9,"column":9},"end":{"line":9,"column":31}},"loc":{"start":{"line":9,"column":31},"end":{"line":35,"column":null}},"line":9},"1":{"name":"buildApp","decl":{"start":{"line":40,"column":22},"end":{"line":40,"column":59}},"loc":{"start":{"line":40,"column":59},"end":{"line":73,"column":null}},"line":40},"2":{"name":"(anonymous_2)","decl":{"start":{"line":55,"column":6},"end":{"line":55,"column":23}},"loc":{"start":{"line":55,"column":50},"end":{"line":63,"column":null}},"line":55},"3":{"name":"(anonymous_3)","decl":{"start":{"line":66,"column":25},"end":{"line":66,"column":32}},"loc":{"start":{"line":66,"column":52},"end":{"line":68,"column":null}},"line":66}},"branchMap":{"0":{"loc":{"start":{"line":29,"column":4},"end":{"line":35,"column":null}},"type":"if","locations":[{"start":{"line":29,"column":4},"end":{"line":35,"column":null}},{"start":{},"end":{}}],"line":29},"1":{"loc":{"start":{"line":51,"column":12},"end":{"line":51,"column":null}},"type":"binary-expr","locations":[{"start":{"line":51,"column":12},"end":{"line":51,"column":39}},{"start":{"line":51,"column":39},"end":{"line":51,"column":null}}],"line":51}},"s":{"0":22,"1":22,"2":22,"3":22,"4":22,"5":3,"6":3,"7":3,"8":22,"9":22,"10":22,"11":22,"12":22,"13":2,"14":2,"15":22,"16":4,"17":22,"18":22},"f":{"0":22,"1":22,"2":2,"3":4},"b":{"0":[3,19],"1":[22,0]},"meta":{"lastBranch":2,"lastFunction":4,"lastStatement":19,"seen":{"f:9:9:9:31":0,"s:11:2:16:Infinity":0,"s:18:21:22:Infinity":1,"s:25:2:35:Infinity":2,"s:26:20:28:26":3,"b:29:4:35:Infinity:undefined:undefined:undefined:undefined":0,"s:29:4:35:Infinity":4,"s:30:18:30:58":5,"s:31:6:31:Infinity":6,"s:32:6:35:Infinity":7,"f:40:22:40:59":1,"s:42:2:42:Infinity":8,"s:44:8:44:39":9,"s:47:2:47:Infinity":10,"s:50:2:52:Infinity":11,"b:51:12:51:39:51:39:51:Infinity":1,"s:55:2:63:Infinity":12,"f:55:6:55:23":2,"s:56:4:56:Infinity":13,"s:57:4:62:Infinity":14,"s:66:2:68:Infinity":15,"f:66:25:66:32":3,"s:67:4:67:Infinity":16,"s:71:2:71:Infinity":17,"s:73:2:73:Infinity":18}}}
,"/Users/claudiomasolo/Work/upskilling/AINE/todo-app/backend/src/db/client.ts": {"path":"/Users/claudiomasolo/Work/upskilling/AINE/todo-app/backend/src/db/client.ts","statementMap":{"0":{"start":{"line":5,"column":15},"end":{"line":5,"column":null}},"1":{"start":{"line":6,"column":0},"end":{"line":7,"column":null}},"2":{"start":{"line":7,"column":2},"end":{"line":7,"column":null}},"3":{"start":{"line":11,"column":0},"end":{"line":13,"column":null}},"4":{"start":{"line":12,"column":16},"end":{"line":12,"column":36}},"5":{"start":{"line":13,"column":2},"end":{"line":13,"column":null}},"6":{"start":{"line":16,"column":18},"end":{"line":16,"column":42}}},"fnMap":{},"branchMap":{"0":{"loc":{"start":{"line":6,"column":0},"end":{"line":7,"column":null}},"type":"if","locations":[{"start":{"line":6,"column":0},"end":{"line":7,"column":null}},{"start":{},"end":{}}],"line":6},"1":{"loc":{"start":{"line":11,"column":0},"end":{"line":13,"column":null}},"type":"if","locations":[{"start":{"line":11,"column":0},"end":{"line":13,"column":null}},{"start":{},"end":{}}],"line":11}},"s":{"0":3,"1":3,"2":0,"3":3,"4":0,"5":0,"6":3},"f":{},"b":{"0":[0,3],"1":[0,3]},"meta":{"lastBranch":2,"lastFunction":0,"lastStatement":7,"seen":{"s:5:15:5:Infinity":0,"b:6:0:7:Infinity:undefined:undefined:undefined:undefined":0,"s:6:0:7:Infinity":1,"s:7:2:7:Infinity":2,"b:11:0:13:Infinity:undefined:undefined:undefined:undefined":1,"s:11:0:13:Infinity":3,"s:12:16:12:36":4,"s:13:2:13:Infinity":5,"s:16:18:16:42":6}}}
,"/Users/claudiomasolo/Work/upskilling/AINE/todo-app/backend/src/routes/todos.ts": {"path":"/Users/claudiomasolo/Work/upskilling/AINE/todo-app/backend/src/routes/todos.ts","statementMap":{"0":{"start":{"line":8,"column":20},"end":{"line":9,"column":null}},"1":{"start":{"line":11,"column":21},"end":{"line":12,"column":null}},"2":{"start":{"line":14,"column":21},"end":{"line":15,"column":null}},"3":{"start":{"line":17,"column":27},"end":{"line":17,"column":86}},"4":{"start":{"line":18,"column":21},"end":{"line":18,"column":65}},"5":{"start":{"line":21,"column":2},"end":{"line":24,"column":null}},"6":{"start":{"line":22,"column":17},"end":{"line":22,"column":32}},"7":{"start":{"line":23,"column":4},"end":{"line":23,"column":null}},"8":{"start":{"line":23,"column":41},"end":{"line":23,"column":87}},"9":{"start":{"line":27,"column":2},"end":{"line":50,"column":null}},"10":{"start":{"line":28,"column":17},"end":{"line":28,"column":null}},"11":{"start":{"line":30,"column":4},"end":{"line":33,"column":null}},"12":{"start":{"line":31,"column":6},"end":{"line":33,"column":null}},"13":{"start":{"line":36,"column":17},"end":{"line":36,"column":null}},"14":{"start":{"line":38,"column":4},"end":{"line":41,"column":null}},"15":{"start":{"line":39,"column":6},"end":{"line":41,"column":null}},"16":{"start":{"line":44,"column":10},"end":{"line":44,"column":27}},"17":{"start":{"line":45,"column":22},"end":{"line":45,"column":46}},"18":{"start":{"line":47,"column":4},"end":{"line":47,"column":null}},"19":{"start":{"line":49,"column":4},"end":{"line":49,"column":null}},"20":{"start":{"line":53,"column":2},"end":{"line":79,"column":null}},"21":{"start":{"line":54,"column":19},"end":{"line":54,"column":null}},"22":{"start":{"line":55,"column":17},"end":{"line":55,"column":null}},"23":{"start":{"line":57,"column":4},"end":{"line":60,"column":null}},"24":{"start":{"line":58,"column":6},"end":{"line":60,"column":null}},"25":{"start":{"line":63,"column":21},"end":{"line":63,"column":39}},"26":{"start":{"line":65,"column":4},"end":{"line":68,"column":null}},"27":{"start":{"line":66,"column":6},"end":{"line":68,"column":null}},"28":{"start":{"line":71,"column":4},"end":{"line":71,"column":null}},"29":{"start":{"line":73,"column":4},"end":{"line":78,"column":null}},"30":{"start":{"line":82,"column":2},"end":{"line":96,"column":null}},"31":{"start":{"line":83,"column":19},"end":{"line":83,"column":null}},"32":{"start":{"line":85,"column":21},"end":{"line":85,"column":39}},"33":{"start":{"line":87,"column":4},"end":{"line":90,"column":null}},"34":{"start":{"line":88,"column":6},"end":{"line":90,"column":null}},"35":{"start":{"line":93,"column":4},"end":{"line":93,"column":null}},"36":{"start":{"line":95,"column":4},"end":{"line":95,"column":null}}},"fnMap":{"0":{"name":"todosRoutes","decl":{"start":{"line":6,"column":22},"end":{"line":6,"column":34}},"loc":{"start":{"line":6,"column":71},"end":{"line":96,"column":null}},"line":6},"1":{"name":"(anonymous_1)","decl":{"start":{"line":21,"column":24},"end":{"line":21,"column":31}},"loc":{"start":{"line":21,"column":51},"end":{"line":24,"column":null}},"line":21},"2":{"name":"(anonymous_2)","decl":{"start":{"line":23,"column":27},"end":{"line":23,"column":32}},"loc":{"start":{"line":23,"column":41},"end":{"line":23,"column":87}},"line":23},"3":{"name":"(anonymous_3)","decl":{"start":{"line":27,"column":25},"end":{"line":27,"column":32}},"loc":{"start":{"line":27,"column":51},"end":{"line":50,"column":null}},"line":27},"4":{"name":"(anonymous_4)","decl":{"start":{"line":53,"column":30},"end":{"line":53,"column":37}},"loc":{"start":{"line":53,"column":56},"end":{"line":79,"column":null}},"line":53},"5":{"name":"(anonymous_5)","decl":{"start":{"line":82,"column":31},"end":{"line":82,"column":38}},"loc":{"start":{"line":82,"column":57},"end":{"line":96,"column":null}},"line":82}},"branchMap":{"0":{"loc":{"start":{"line":30,"column":4},"end":{"line":33,"column":null}},"type":"if","locations":[{"start":{"line":30,"column":4},"end":{"line":33,"column":null}},{"start":{},"end":{}}],"line":30},"1":{"loc":{"start":{"line":30,"column":8},"end":{"line":30,"column":36}},"type":"binary-expr","locations":[{"start":{"line":30,"column":8},"end":{"line":30,"column":17}},{"start":{"line":30,"column":17},"end":{"line":30,"column":36}}],"line":30},"2":{"loc":{"start":{"line":38,"column":4},"end":{"line":41,"column":null}},"type":"if","locations":[{"start":{"line":38,"column":4},"end":{"line":41,"column":null}},{"start":{},"end":{}}],"line":38},"3":{"loc":{"start":{"line":38,"column":8},"end":{"line":38,"column":62}},"type":"binary-expr","locations":[{"start":{"line":38,"column":8},"end":{"line":38,"column":36}},{"start":{"line":38,"column":36},"end":{"line":38,"column":62}}],"line":38},"4":{"loc":{"start":{"line":57,"column":4},"end":{"line":60,"column":null}},"type":"if","locations":[{"start":{"line":57,"column":4},"end":{"line":60,"column":null}},{"start":{},"end":{}}],"line":57},"5":{"loc":{"start":{"line":57,"column":8},"end":{"line":57,"column":82}},"type":"binary-expr","locations":[{"start":{"line":57,"column":8},"end":{"line":57,"column":17}},{"start":{"line":57,"column":17},"end":{"line":57,"column":44}},{"start":{"line":57,"column":44},"end":{"line":57,"column":82}}],"line":57},"6":{"loc":{"start":{"line":65,"column":4},"end":{"line":68,"column":null}},"type":"if","locations":[{"start":{"line":65,"column":4},"end":{"line":68,"column":null}},{"start":{},"end":{}}],"line":65},"7":{"loc":{"start":{"line":71,"column":25},"end":{"line":71,"column":50}},"type":"cond-expr","locations":[{"start":{"line":71,"column":43},"end":{"line":71,"column":47}},{"start":{"line":71,"column":47},"end":{"line":71,"column":50}}],"line":71},"8":{"loc":{"start":{"line":87,"column":4},"end":{"line":90,"column":null}},"type":"if","locations":[{"start":{"line":87,"column":4},"end":{"line":90,"column":null}},{"start":{},"end":{}}],"line":87}},"s":{"0":22,"1":22,"2":22,"3":22,"4":22,"5":22,"6":4,"7":4,"8":3,"9":22,"10":11,"11":11,"12":1,"13":10,"14":10,"15":2,"16":8,"17":8,"18":8,"19":8,"20":22,"21":7,"22":7,"23":7,"24":2,"25":5,"26":5,"27":1,"28":4,"29":7,"30":22,"31":2,"32":2,"33":2,"34":1,"35":1,"36":1},"f":{"0":22,"1":4,"2":3,"3":11,"4":7,"5":2},"b":{"0":[1,10],"1":[11,11],"2":[2,8],"3":[10,10],"4":[2,5],"5":[7,7,6],"6":[1,4],"7":[3,1],"8":[1,1]},"meta":{"lastBranch":9,"lastFunction":6,"lastStatement":37,"seen":{"f:6:22:6:34":0,"s:8:20:9:Infinity":0,"s:11:21:12:Infinity":1,"s:14:21:15:Infinity":2,"s:17:27:17:86":3,"s:18:21:18:65":4,"s:21:2:24:Infinity":5,"f:21:24:21:31":1,"s:22:17:22:32":6,"s:23:4:23:Infinity":7,"f:23:27:23:32":2,"s:23:41:23:87":8,"s:27:2:50:Infinity":9,"f:27:25:27:32":3,"s:28:17:28:Infinity":10,"b:30:4:33:Infinity:undefined:undefined:undefined:undefined":0,"s:30:4:33:Infinity":11,"b:30:8:30:17:30:17:30:36":1,"s:31:6:33:Infinity":12,"s:36:17:36:Infinity":13,"b:38:4:41:Infinity:undefined:undefined:undefined:undefined":2,"s:38:4:41:Infinity":14,"b:38:8:38:36:38:36:38:62":3,"s:39:6:41:Infinity":15,"s:44:10:44:27":16,"s:45:22:45:46":17,"s:47:4:47:Infinity":18,"s:49:4:49:Infinity":19,"s:53:2:79:Infinity":20,"f:53:30:53:37":4,"s:54:19:54:Infinity":21,"s:55:17:55:Infinity":22,"b:57:4:60:Infinity:undefined:undefined:undefined:undefined":4,"s:57:4:60:Infinity":23,"b:57:8:57:17:57:17:57:44:57:44:57:82":5,"s:58:6:60:Infinity":24,"s:63:21:63:39":25,"b:65:4:68:Infinity:undefined:undefined:undefined:undefined":6,"s:65:4:68:Infinity":26,"s:66:6:68:Infinity":27,"s:71:4:71:Infinity":28,"b:71:43:71:47:71:47:71:50":7,"s:73:4:78:Infinity":29,"s:82:2:96:Infinity":30,"f:82:31:82:38":5,"s:83:19:83:Infinity":31,"s:85:21:85:39":32,"b:87:4:90:Infinity:undefined:undefined:undefined:undefined":8,"s:87:4:90:Infinity":33,"s:88:6:90:Infinity":34,"s:93:4:93:Infinity":35,"s:95:4:95:Infinity":36}}}
}
